2016-11-03 13:35:13,336 [Worker-3] INFO  c.g.t.t.d.PublishedGradleVersions - Gradle version information cache is up-to-date. Trying to read.
2016-11-03 13:42:09,857 [Worker-3] INFO  c.g.t.t.d.PublishedGradleVersions - Gradle version information cache is up-to-date. Trying to read.
2016-11-03 13:43:51,430 [Worker-2] INFO  c.g.t.t.d.PublishedGradleVersions - Gradle version information cache is up-to-date. Trying to read.
2016-11-03 23:10:33,666 [Worker-2] INFO  c.g.t.t.d.PublishedGradleVersions - Gradle version information cache is out-of-date. Trying to update.
2016-11-04 17:38:41,628 [Worker-1] INFO  c.g.t.t.d.PublishedGradleVersions - Gradle version information cache is up-to-date. Trying to read.
2016-11-04 17:52:20,571 [Worker-0] INFO  c.g.t.t.d.PublishedGradleVersions - Gradle version information cache is up-to-date. Trying to read.
2016-11-04 18:21:55,458 [Worker-0] INFO  c.g.t.t.d.PublishedGradleVersions - Gradle version information cache is up-to-date. Trying to read.
2016-11-04 18:24:13,509 [Worker-0] INFO  c.g.t.t.d.PublishedGradleVersions - Gradle version information cache is up-to-date. Trying to read.
2016-11-04 18:26:47,376 [Worker-1] INFO  c.g.t.t.d.PublishedGradleVersions - Gradle version information cache is up-to-date. Trying to read.
2016-11-04 18:27:26,348 [Worker-0] INFO  c.g.t.t.d.PublishedGradleVersions - Gradle version information cache is up-to-date. Trying to read.
2016-11-04 18:32:06,732 [Start Help Server] INFO  org.eclipse.jetty.util.log - Logging initialized @285790ms
2016-11-04 18:32:06,819 [Start Help Server] INFO  org.eclipse.jetty.server.Server - jetty-9.3.9.v20160517
2016-11-04 18:32:06,850 [Start Help Server] INFO  o.e.j.server.handler.ContextHandler - Started o.e.j.s.ServletContextHandler@3b590472{/help,null,AVAILABLE}
2016-11-04 18:32:06,861 [Start Help Server] INFO  o.e.jetty.server.AbstractConnector - Started ServerConnector@5e2d3125{HTTP/1.1,[http/1.1]}{127.0.0.1:16852}
2016-11-04 18:32:06,862 [Start Help Server] INFO  org.eclipse.jetty.server.Server - Started @285920ms
2016-11-04 18:40:01,192 [Stop Help Server] INFO  o.e.jetty.server.AbstractConnector - Stopped ServerConnector@5e2d3125{HTTP/1.1,[http/1.1]}{127.0.0.1:0}
2016-11-04 18:40:01,205 [Stop Help Server] INFO  o.e.j.server.handler.ContextHandler - Stopped o.e.j.s.ServletContextHandler@3b590472{/help,null,UNAVAILABLE}
2016-11-04 18:40:14,405 [Worker-0] INFO  c.g.t.t.d.PublishedGradleVersions - Gradle version information cache is up-to-date. Trying to read.
2016-11-05 00:40:26,989 [Worker-2] INFO  c.g.t.t.d.PublishedGradleVersions - Gradle version information cache is out-of-date. Trying to update.
2016-11-12 00:18:43,367 [Worker-1] INFO  c.g.t.t.d.PublishedGradleVersions - Gradle version information cache is out-of-date. Trying to update.
2016-11-13 11:22:45,984 [Worker-0] INFO  c.g.t.t.d.PublishedGradleVersions - Gradle version information cache is out-of-date. Trying to update.
2016-11-16 02:30:56,571 [Worker-1] INFO  c.g.t.t.d.PublishedGradleVersions - Gradle version information cache is out-of-date. Trying to update.
2016-11-18 22:29:30,238 [Worker-0] INFO  c.g.t.t.d.PublishedGradleVersions - Gradle version information cache is out-of-date. Trying to update.
2016-11-18 22:54:50,064 [Worker-1] INFO  c.g.t.t.d.PublishedGradleVersions - Gradle version information cache is up-to-date. Trying to read.
2016-11-21 08:28:05,818 [Worker-1] INFO  c.g.t.t.d.PublishedGradleVersions - Gradle version information cache is out-of-date. Trying to update.
2016-11-25 16:45:19,990 [Worker-3] INFO  c.g.t.t.d.PublishedGradleVersions - Gradle version information cache is out-of-date. Trying to update.
2016-12-06 08:03:03,911 [Worker-2] INFO  c.g.t.t.d.PublishedGradleVersions - Gradle version information cache is up-to-date. Trying to read.
2016-12-08 13:13:27,533 [Worker-0] INFO  c.g.t.t.d.PublishedGradleVersions - Gradle version information cache is out-of-date. Trying to update.
2016-12-12 17:42:27,491 [Worker-2] INFO  c.g.t.t.d.PublishedGradleVersions - Gradle version information cache is out-of-date. Trying to update.
2016-12-12 17:45:13,676 [Thread-8] ERROR org.eclipse.jgit.util.FS - 

Agreeing to the Xcode/iOS license requires admin privileges, please re-run as root via sudo.



2016-12-12 17:45:13,774 [Thread-9] ERROR org.eclipse.jgit.util.FS - 

Agreeing to the Xcode/iOS license requires admin privileges, please re-run as root via sudo.



2016-12-12 19:08:15,207 [Thread-7] ERROR org.eclipse.jgit.util.FS - 

Agreeing to the Xcode/iOS license requires admin privileges, please re-run as root via sudo.



2016-12-12 19:08:15,302 [Thread-8] ERROR org.eclipse.jgit.util.FS - 

Agreeing to the Xcode/iOS license requires admin privileges, please re-run as root via sudo.



2016-12-12 19:08:15,649 [Worker-0] INFO  c.g.t.t.d.PublishedGradleVersions - Gradle version information cache is up-to-date. Trying to read.
2016-12-16 08:23:16,920 [Worker-1] INFO  c.g.t.t.d.PublishedGradleVersions - Gradle version information cache is out-of-date. Trying to update.
2016-12-16 08:23:18,859 [Thread-10] ERROR org.eclipse.jgit.util.FS - 

Agreeing to the Xcode/iOS license requires admin privileges, please re-run as root via sudo.



2016-12-16 08:23:18,949 [Thread-11] ERROR org.eclipse.jgit.util.FS - 

Agreeing to the Xcode/iOS license requires admin privileges, please re-run as root via sudo.



2016-12-16 10:44:40,175 [Worker-2] INFO  c.g.t.t.d.PublishedGradleVersions - Gradle version information cache is up-to-date. Trying to read.
2016-12-16 10:44:41,952 [Thread-10] ERROR org.eclipse.jgit.util.FS - 

Agreeing to the Xcode/iOS license requires admin privileges, please re-run as root via sudo.



2016-12-16 10:44:42,067 [Thread-11] ERROR org.eclipse.jgit.util.FS - 

Agreeing to the Xcode/iOS license requires admin privileges, please re-run as root via sudo.



2016-12-18 00:26:38,464 [Worker-2] INFO  c.g.t.t.d.PublishedGradleVersions - Gradle version information cache is out-of-date. Trying to update.
2016-12-18 00:26:38,700 [Worker-2] INFO  c.g.t.t.d.PublishedGradleVersions - Updating Gradle version information cache failed. Using outdated cache.
2016-12-18 21:06:55,983 [Worker-1] INFO  c.g.t.t.d.PublishedGradleVersions - Gradle version information cache is out-of-date. Trying to update.
2016-12-19 15:07:35,446 [Worker-0] INFO  c.g.t.t.d.PublishedGradleVersions - Gradle version information cache is up-to-date. Trying to read.
2017-01-19 09:11:12,480 [Worker-2] INFO  c.g.t.t.d.PublishedGradleVersions - Gradle version information cache is out-of-date. Trying to update.
2017-01-19 09:13:52,840 [Worker-1] INFO  c.g.t.t.d.PublishedGradleVersions - Gradle version information cache is up-to-date. Trying to read.
2017-01-19 09:21:17,825 [Worker-2] INFO  c.g.t.t.d.PublishedGradleVersions - Gradle version information cache is up-to-date. Trying to read.
2017-01-23 15:39:47,725 [Worker-2] INFO  c.g.t.t.d.PublishedGradleVersions - Gradle version information cache is out-of-date. Trying to update.
2017-01-23 17:07:29,648 [Worker-7] INFO  c.g.t.t.d.PublishedGradleVersions - Gradle version information cache is up-to-date. Trying to read.
2017-01-28 09:03:00,224 [Worker-5] INFO  c.g.t.t.d.PublishedGradleVersions - Gradle version information cache is out-of-date. Trying to update.
2017-01-28 23:03:40,869 [Worker-2] INFO  c.g.t.t.d.PublishedGradleVersions - Gradle version information cache is up-to-date. Trying to read.
2017-01-29 10:18:58,470 [Worker-6] INFO  c.g.t.t.d.PublishedGradleVersions - Gradle version information cache is out-of-date. Trying to update.
2017-01-29 10:22:21,149 [Worker-4] INFO  c.g.t.t.d.PublishedGradleVersions - Gradle version information cache is up-to-date. Trying to read.
2017-02-02 13:56:24,738 [Worker-1] INFO  c.g.t.t.d.PublishedGradleVersions - Gradle version information cache is out-of-date. Trying to update.
2017-02-10 14:17:49,176 [Worker-4] INFO  c.g.t.t.d.PublishedGradleVersions - Gradle version information cache is out-of-date. Trying to update.
2017-03-03 18:28:13,479 [Worker-9] INFO  c.g.t.t.d.PublishedGradleVersions - Gradle version information cache is out-of-date. Trying to update.
2017-03-17 03:11:51,676 [Worker-6] INFO  c.g.t.t.d.PublishedGradleVersions - Gradle version information cache is out-of-date. Trying to update.
2017-04-08 11:03:56,830 [Worker-2] INFO  c.g.t.t.d.PublishedGradleVersions - Gradle version information cache is out-of-date. Trying to update.
2017-04-09 13:42:54,099 [Worker-4] INFO  c.g.t.t.d.PublishedGradleVersions - Gradle version information cache is out-of-date. Trying to update.
2017-04-09 13:47:05,971 [Worker-2] INFO  c.g.t.t.d.PublishedGradleVersions - Gradle version information cache is up-to-date. Trying to read.
2017-04-18 21:55:50,071 [Worker-2] INFO  c.g.t.t.d.PublishedGradleVersions - Gradle version information cache is out-of-date. Trying to update.
2017-04-19 16:54:23,942 [Worker-4] INFO  c.g.t.t.d.PublishedGradleVersions - Gradle version information cache is up-to-date. Trying to read.
2017-05-09 22:00:28,954 [Worker-1] INFO  c.g.t.t.d.PublishedGradleVersions - Gradle version information cache is out-of-date. Trying to update.
2017-05-18 11:48:49,131 [Worker-4] INFO  c.g.t.t.d.PublishedGradleVersions - Gradle version information cache is out-of-date. Trying to update.
