\BOOKMARK [1][]{Zijun Yan.1}{Zijun\040Yan}{}% 1
\BOOKMARK [2][]{PDF:Personal Information.2}{Personal\040Information}{Zijun Yan.1}% 2
\BOOKMARK [2][]{PDF:Education.2}{Education}{Zijun Yan.1}% 3
\BOOKMARK [2][]{PDF:Working Experience.2}{Workimg\040Experience}{Zijun Yan.1}% 4
\BOOKMARK [2][]{PDF:Publications.2}{Publications}{Zijun Yan.1}% 5
\BOOKMARK [3][]{PDF:Journals.3}{Journals}{PDF:Publications.2}% 6
\BOOKMARK [3][]{PDF:Conferences.3}{Conferences}{PDF:Publications.2}% 7
\BOOKMARK [2][]{PDF:AcademicAwards.2}{Academic\040Awards}{Zijun Yan.1}% 8
\BOOKMARK [2][]{PDF:OtherAwards.2}{Other\040Awards}{Zijun Yan.1}% 9
\BOOKMARK [2][]{PDF:ProfessionalAffiliationsActivities.2}{Professional\040Affiliations\040&\040Activities}{Zijun Yan.1}% 10
\BOOKMARK [2][]{PDF:CampusActivities.2}{Campus\040Activities}{Zijun Yan.1}% 11
\BOOKMARK [2][]{PDF:OtherWorkExperience.2}{Other\040Work\040Experience}{Zijun Yan.1}% 12
\BOOKMARK [2][]{PDF:Languages.2}{Languages}{Zijun Yan.1}% 13
\BOOKMARK [2][]{PDF:Skills.2}{Skills}{Zijun Yan.1}% 14
\BOOKMARK [2][]{PDF:Interests.2}{Interests}{Zijun Yan.1}% 15
\BOOKMARK [2][]{PDF:References.2}{References}{Zijun Yan.1}% 16
\BOOKMARK [2][]{PDF:SectionWithUsageExamples:ForPDFLink.2}{Section\040With\040Usage\040Examples\040\(For\040PDF\040Bookmark\)}{Zijun Yan.1}% 17
\BOOKMARK [3][]{PDF:ThisIsASubSection.3}{This\040is\040a\040Subsection}{PDF:SectionWithUsageExamples:ForPDFLink.2}% 18
\BOOKMARK [3][]{PDF:ThisIsTheSecondSubSection.3}{This\040is\040the\040Second\040Subsection}{PDF:SectionWithUsageExamples:ForPDFLink.2}% 19
\BOOKMARK [2][]{PDF:AnotherSectionWithUsageExamples:ForPDFLink.2}{Another\040Section\040With\040Usage\040Examples\040\(For\040PDF\040Bookmark\)}{Zijun Yan.1}% 20
\BOOKMARK [2][]{PDF:MultilingualUnicodeExamples.2}{Multilingual\040Unicode\040Examples}{Zijun Yan.1}% 21
